{"D:\\University\\304CEM\\cw\\PublicLibrary-Backend\\app.js": {"path":"D:\\University\\304CEM\\cw\\PublicLibrary-Backend\\app.js","statementMap":{"0":{"start":{"line":11,"column":12},"end":{"line":11,"column":21}},"1":{"start":{"line":13,"column":0},"end":{"line":13,"column":16}},"2":{"start":{"line":16,"column":0},"end":{"line":22,"column":5}},"3":{"start":{"line":17,"column":1},"end":{"line":21,"column":2}},"4":{"start":{"line":18,"column":2},"end":{"line":18,"column":146}},"5":{"start":{"line":20,"column":2},"end":{"line":20,"column":42}},"6":{"start":{"line":24,"column":0},"end":{"line":24,"column":51}},"7":{"start":{"line":25,"column":0},"end":{"line":25,"column":27}},"8":{"start":{"line":26,"column":0},"end":{"line":26,"column":25}},"9":{"start":{"line":28,"column":0},"end":{"line":28,"column":43}},"10":{"start":{"line":28,"column":27},"end":{"line":28,"column":41}},"11":{"start":{"line":29,"column":0},"end":{"line":29,"column":34}},"12":{"start":{"line":30,"column":0},"end":{"line":30,"column":34}},"13":{"start":{"line":31,"column":0},"end":{"line":31,"column":40}},"14":{"start":{"line":33,"column":0},"end":{"line":33,"column":40}}},"fnMap":{"0":{"name":"(anonymous_0)","decl":{"start":{"line":16,"column":1},"end":{"line":16,"column":2}},"loc":{"start":{"line":16,"column":13},"end":{"line":22,"column":1}},"line":16},"1":{"name":"(anonymous_1)","decl":{"start":{"line":28,"column":13},"end":{"line":28,"column":14}},"loc":{"start":{"line":28,"column":27},"end":{"line":28,"column":41}},"line":28}},"branchMap":{"0":{"loc":{"start":{"line":18,"column":25},"end":{"line":18,"column":66}},"type":"binary-expr","locations":[{"start":{"line":18,"column":25},"end":{"line":18,"column":45}},{"start":{"line":18,"column":49},"end":{"line":18,"column":66}}],"line":18}},"s":{"0":1,"1":1,"2":1,"3":1,"4":1,"5":0,"6":1,"7":1,"8":1,"9":1,"10":0,"11":1,"12":1,"13":1,"14":1},"f":{"0":1,"1":0},"b":{"0":[1,0]},"_coverageSchema":"1a1c01bbd47fc00a2c39e90264f33305004495a9","hash":"d542e2fda0acfb5e0aadda48b5a5a26e4e2097c2"}
,"D:\\University\\304CEM\\cw\\PublicLibrary-Backend\\controllers\\book.js": {"path":"D:\\University\\304CEM\\cw\\PublicLibrary-Backend\\controllers\\book.js","statementMap":{"0":{"start":{"line":16,"column":16},"end":{"line":20,"column":1}},"1":{"start":{"line":22,"column":20},"end":{"line":24,"column":1}},"2":{"start":{"line":23,"column":1},"end":{"line":23,"column":57}},"3":{"start":{"line":32,"column":24},"end":{"line":50,"column":1}},"4":{"start":{"line":33,"column":13},"end":{"line":33,"column":15}},"5":{"start":{"line":34,"column":1},"end":{"line":49,"column":2}},"6":{"start":{"line":35,"column":2},"end":{"line":45,"column":3}},"7":{"start":{"line":36,"column":19},"end":{"line":36,"column":35}},"8":{"start":{"line":37,"column":17},"end":{"line":37,"column":55}},"9":{"start":{"line":38,"column":3},"end":{"line":38,"column":35}},"10":{"start":{"line":39,"column":3},"end":{"line":41,"column":12}},"11":{"start":{"line":44,"column":3},"end":{"line":44,"column":36}},"12":{"start":{"line":46,"column":2},"end":{"line":46,"column":37}},"13":{"start":{"line":48,"column":2},"end":{"line":48,"column":35}},"14":{"start":{"line":59,"column":27},"end":{"line":86,"column":1}},"15":{"start":{"line":60,"column":1},"end":{"line":85,"column":2}},"16":{"start":{"line":61,"column":15},"end":{"line":72,"column":10}},"17":{"start":{"line":73,"column":2},"end":{"line":73,"column":25}},"18":{"start":{"line":74,"column":2},"end":{"line":81,"column":3}},"19":{"start":{"line":74,"column":12},"end":{"line":74,"column":57}},"20":{"start":{"line":76,"column":17},"end":{"line":78,"column":4}},"21":{"start":{"line":79,"column":3},"end":{"line":79,"column":22}},"22":{"start":{"line":80,"column":3},"end":{"line":80,"column":37}},"23":{"start":{"line":83,"column":2},"end":{"line":83,"column":26}},"24":{"start":{"line":84,"column":2},"end":{"line":84,"column":35}},"25":{"start":{"line":94,"column":23},"end":{"line":129,"column":1}},"26":{"start":{"line":97,"column":1},"end":{"line":97,"column":35}},"27":{"start":{"line":98,"column":1},"end":{"line":98,"column":41}},"28":{"start":{"line":99,"column":14},"end":{"line":99,"column":27}},"29":{"start":{"line":100,"column":14},"end":{"line":100,"column":25}},"30":{"start":{"line":101,"column":1},"end":{"line":107,"column":2}},"31":{"start":{"line":102,"column":2},"end":{"line":102,"column":36}},"32":{"start":{"line":103,"column":2},"end":{"line":103,"column":31}},"33":{"start":{"line":104,"column":2},"end":{"line":104,"column":31}},"34":{"start":{"line":105,"column":2},"end":{"line":105,"column":36}},"35":{"start":{"line":106,"column":2},"end":{"line":106,"column":36}},"36":{"start":{"line":108,"column":19},"end":{"line":108,"column":33}},"37":{"start":{"line":109,"column":1},"end":{"line":109,"column":37}},"38":{"start":{"line":111,"column":17},"end":{"line":121,"column":3}},"39":{"start":{"line":122,"column":1},"end":{"line":128,"column":2}},"40":{"start":{"line":123,"column":2},"end":{"line":123,"column":23}},"41":{"start":{"line":124,"column":2},"end":{"line":124,"column":32}},"42":{"start":{"line":126,"column":2},"end":{"line":126,"column":26}},"43":{"start":{"line":127,"column":2},"end":{"line":127,"column":28}},"44":{"start":{"line":137,"column":26},"end":{"line":150,"column":1}},"45":{"start":{"line":138,"column":1},"end":{"line":149,"column":2}},"46":{"start":{"line":139,"column":15},"end":{"line":139,"column":49}},"47":{"start":{"line":140,"column":2},"end":{"line":140,"column":84}},"48":{"start":{"line":140,"column":12},"end":{"line":140,"column":84}},"49":{"start":{"line":141,"column":2},"end":{"line":143,"column":3}},"50":{"start":{"line":142,"column":3},"end":{"line":142,"column":132}},"51":{"start":{"line":144,"column":2},"end":{"line":144,"column":72}},"52":{"start":{"line":145,"column":2},"end":{"line":145,"column":40}},"53":{"start":{"line":147,"column":2},"end":{"line":147,"column":26}},"54":{"start":{"line":148,"column":2},"end":{"line":148,"column":62}},"55":{"start":{"line":158,"column":26},"end":{"line":211,"column":1}},"56":{"start":{"line":161,"column":17},"end":{"line":161,"column":19}},"57":{"start":{"line":162,"column":1},"end":{"line":164,"column":2}},"58":{"start":{"line":163,"column":2},"end":{"line":163,"column":33}},"59":{"start":{"line":165,"column":1},"end":{"line":167,"column":2}},"60":{"start":{"line":166,"column":2},"end":{"line":166,"column":35}},"61":{"start":{"line":168,"column":1},"end":{"line":170,"column":2}},"62":{"start":{"line":169,"column":2},"end":{"line":169,"column":31}},"63":{"start":{"line":171,"column":1},"end":{"line":173,"column":2}},"64":{"start":{"line":172,"column":2},"end":{"line":172,"column":33}},"65":{"start":{"line":174,"column":1},"end":{"line":176,"column":2}},"66":{"start":{"line":175,"column":2},"end":{"line":175,"column":35}},"67":{"start":{"line":177,"column":1},"end":{"line":198,"column":2}},"68":{"start":{"line":178,"column":2},"end":{"line":181,"column":4}},"69":{"start":{"line":182,"column":2},"end":{"line":182,"column":36}},"70":{"start":{"line":183,"column":2},"end":{"line":183,"column":42}},"71":{"start":{"line":184,"column":15},"end":{"line":184,"column":28}},"72":{"start":{"line":185,"column":15},"end":{"line":185,"column":26}},"73":{"start":{"line":186,"column":2},"end":{"line":192,"column":3}},"74":{"start":{"line":187,"column":3},"end":{"line":187,"column":37}},"75":{"start":{"line":188,"column":3},"end":{"line":188,"column":32}},"76":{"start":{"line":189,"column":3},"end":{"line":189,"column":32}},"77":{"start":{"line":190,"column":3},"end":{"line":190,"column":37}},"78":{"start":{"line":191,"column":3},"end":{"line":191,"column":37}},"79":{"start":{"line":193,"column":20},"end":{"line":193,"column":34}},"80":{"start":{"line":194,"column":2},"end":{"line":194,"column":38}},"81":{"start":{"line":196,"column":2},"end":{"line":196,"column":86}},"82":{"start":{"line":197,"column":2},"end":{"line":197,"column":39}},"83":{"start":{"line":199,"column":1},"end":{"line":199,"column":33}},"84":{"start":{"line":201,"column":1},"end":{"line":210,"column":2}},"85":{"start":{"line":202,"column":15},"end":{"line":202,"column":49}},"86":{"start":{"line":203,"column":2},"end":{"line":205,"column":3}},"87":{"start":{"line":204,"column":3},"end":{"line":204,"column":132}},"88":{"start":{"line":206,"column":17},"end":{"line":206,"column":78}},"89":{"start":{"line":207,"column":2},"end":{"line":207,"column":38}},"90":{"start":{"line":209,"column":2},"end":{"line":209,"column":35}}},"fnMap":{"0":{"name":"(anonymous_0)","decl":{"start":{"line":22,"column":20},"end":{"line":22,"column":21}},"loc":{"start":{"line":22,"column":30},"end":{"line":24,"column":1}},"line":22},"1":{"name":"(anonymous_1)","decl":{"start":{"line":32,"column":24},"end":{"line":32,"column":25}},"loc":{"start":{"line":32,"column":44},"end":{"line":50,"column":1}},"line":32},"2":{"name":"(anonymous_2)","decl":{"start":{"line":59,"column":27},"end":{"line":59,"column":28}},"loc":{"start":{"line":59,"column":47},"end":{"line":86,"column":1}},"line":59},"3":{"name":"(anonymous_3)","decl":{"start":{"line":94,"column":23},"end":{"line":94,"column":24}},"loc":{"start":{"line":94,"column":43},"end":{"line":129,"column":1}},"line":94},"4":{"name":"(anonymous_4)","decl":{"start":{"line":137,"column":26},"end":{"line":137,"column":27}},"loc":{"start":{"line":137,"column":46},"end":{"line":150,"column":1}},"line":137},"5":{"name":"(anonymous_5)","decl":{"start":{"line":158,"column":26},"end":{"line":158,"column":27}},"loc":{"start":{"line":158,"column":46},"end":{"line":211,"column":1}},"line":158}},"branchMap":{"0":{"loc":{"start":{"line":35,"column":2},"end":{"line":45,"column":3}},"type":"if","locations":[{"start":{"line":35,"column":2},"end":{"line":45,"column":3}},{"start":{"line":35,"column":2},"end":{"line":45,"column":3}}],"line":35},"1":{"loc":{"start":{"line":74,"column":2},"end":{"line":81,"column":3}},"type":"if","locations":[{"start":{"line":74,"column":2},"end":{"line":81,"column":3}},{"start":{"line":74,"column":2},"end":{"line":81,"column":3}}],"line":74},"2":{"loc":{"start":{"line":101,"column":1},"end":{"line":107,"column":2}},"type":"if","locations":[{"start":{"line":101,"column":1},"end":{"line":107,"column":2}},{"start":{"line":101,"column":1},"end":{"line":107,"column":2}}],"line":101},"3":{"loc":{"start":{"line":119,"column":8},"end":{"line":119,"column":27}},"type":"binary-expr","locations":[{"start":{"line":119,"column":8},"end":{"line":119,"column":21}},{"start":{"line":119,"column":25},"end":{"line":119,"column":27}}],"line":119},"4":{"loc":{"start":{"line":140,"column":2},"end":{"line":140,"column":84}},"type":"if","locations":[{"start":{"line":140,"column":2},"end":{"line":140,"column":84}},{"start":{"line":140,"column":2},"end":{"line":140,"column":84}}],"line":140},"5":{"loc":{"start":{"line":141,"column":2},"end":{"line":143,"column":3}},"type":"if","locations":[{"start":{"line":141,"column":2},"end":{"line":143,"column":3}},{"start":{"line":141,"column":2},"end":{"line":143,"column":3}}],"line":141},"6":{"loc":{"start":{"line":162,"column":1},"end":{"line":164,"column":2}},"type":"if","locations":[{"start":{"line":162,"column":1},"end":{"line":164,"column":2}},{"start":{"line":162,"column":1},"end":{"line":164,"column":2}}],"line":162},"7":{"loc":{"start":{"line":165,"column":1},"end":{"line":167,"column":2}},"type":"if","locations":[{"start":{"line":165,"column":1},"end":{"line":167,"column":2}},{"start":{"line":165,"column":1},"end":{"line":167,"column":2}}],"line":165},"8":{"loc":{"start":{"line":168,"column":1},"end":{"line":170,"column":2}},"type":"if","locations":[{"start":{"line":168,"column":1},"end":{"line":170,"column":2}},{"start":{"line":168,"column":1},"end":{"line":170,"column":2}}],"line":168},"9":{"loc":{"start":{"line":171,"column":1},"end":{"line":173,"column":2}},"type":"if","locations":[{"start":{"line":171,"column":1},"end":{"line":173,"column":2}},{"start":{"line":171,"column":1},"end":{"line":173,"column":2}}],"line":171},"10":{"loc":{"start":{"line":174,"column":1},"end":{"line":176,"column":2}},"type":"if","locations":[{"start":{"line":174,"column":1},"end":{"line":176,"column":2}},{"start":{"line":174,"column":1},"end":{"line":176,"column":2}}],"line":174},"11":{"loc":{"start":{"line":177,"column":1},"end":{"line":198,"column":2}},"type":"if","locations":[{"start":{"line":177,"column":1},"end":{"line":198,"column":2}},{"start":{"line":177,"column":1},"end":{"line":198,"column":2}}],"line":177},"12":{"loc":{"start":{"line":186,"column":2},"end":{"line":192,"column":3}},"type":"if","locations":[{"start":{"line":186,"column":2},"end":{"line":192,"column":3}},{"start":{"line":186,"column":2},"end":{"line":192,"column":3}}],"line":186},"13":{"loc":{"start":{"line":203,"column":2},"end":{"line":205,"column":3}},"type":"if","locations":[{"start":{"line":203,"column":2},"end":{"line":205,"column":3}},{"start":{"line":203,"column":2},"end":{"line":205,"column":3}}],"line":203}},"s":{"0":1,"1":1,"2":0,"3":1,"4":0,"5":0,"6":0,"7":0,"8":0,"9":0,"10":0,"11":0,"12":0,"13":0,"14":1,"15":0,"16":0,"17":0,"18":0,"19":0,"20":0,"21":0,"22":0,"23":0,"24":0,"25":1,"26":0,"27":0,"28":0,"29":0,"30":0,"31":0,"32":0,"33":0,"34":0,"35":0,"36":0,"37":0,"38":0,"39":0,"40":0,"41":0,"42":0,"43":0,"44":1,"45":0,"46":0,"47":0,"48":0,"49":0,"50":0,"51":0,"52":0,"53":0,"54":0,"55":1,"56":0,"57":0,"58":0,"59":0,"60":0,"61":0,"62":0,"63":0,"64":0,"65":0,"66":0,"67":0,"68":0,"69":0,"70":0,"71":0,"72":0,"73":0,"74":0,"75":0,"76":0,"77":0,"78":0,"79":0,"80":0,"81":0,"82":0,"83":0,"84":0,"85":0,"86":0,"87":0,"88":0,"89":0,"90":0},"f":{"0":0,"1":0,"2":0,"3":0,"4":0,"5":0},"b":{"0":[0,0],"1":[0,0],"2":[0,0],"3":[0,0],"4":[0,0],"5":[0,0],"6":[0,0],"7":[0,0],"8":[0,0],"9":[0,0],"10":[0,0],"11":[0,0],"12":[0,0],"13":[0,0]},"_coverageSchema":"1a1c01bbd47fc00a2c39e90264f33305004495a9","hash":"2a5d5e82ea1a57a47f59d57925282bf99bf995a8"}
,"D:\\University\\304CEM\\cw\\PublicLibrary-Backend\\controllers\\request.js": {"path":"D:\\University\\304CEM\\cw\\PublicLibrary-Backend\\controllers\\request.js","statementMap":{"0":{"start":{"line":14,"column":16},"end":{"line":18,"column":1}},"1":{"start":{"line":20,"column":26},"end":{"line":44,"column":1}},"2":{"start":{"line":21,"column":1},"end":{"line":21,"column":35}},"3":{"start":{"line":22,"column":1},"end":{"line":22,"column":41}},"4":{"start":{"line":23,"column":1},"end":{"line":23,"column":41}},"5":{"start":{"line":24,"column":19},"end":{"line":24,"column":39}},"6":{"start":{"line":25,"column":16},"end":{"line":25,"column":27}},"7":{"start":{"line":26,"column":1},"end":{"line":43,"column":2}},"8":{"start":{"line":27,"column":18},"end":{"line":37,"column":10}},"9":{"start":{"line":38,"column":2},"end":{"line":38,"column":23}},"10":{"start":{"line":39,"column":2},"end":{"line":39,"column":32}},"11":{"start":{"line":41,"column":2},"end":{"line":41,"column":26}},"12":{"start":{"line":42,"column":2},"end":{"line":42,"column":28}},"13":{"start":{"line":51,"column":26},"end":{"line":79,"column":1}},"14":{"start":{"line":52,"column":1},"end":{"line":52,"column":49}},"15":{"start":{"line":53,"column":1},"end":{"line":53,"column":35}},"16":{"start":{"line":54,"column":14},"end":{"line":54,"column":29}},"17":{"start":{"line":55,"column":14},"end":{"line":55,"column":25}},"18":{"start":{"line":57,"column":1},"end":{"line":78,"column":2}},"19":{"start":{"line":58,"column":2},"end":{"line":64,"column":3}},"20":{"start":{"line":59,"column":3},"end":{"line":62,"column":6}},"21":{"start":{"line":63,"column":3},"end":{"line":63,"column":18}},"22":{"start":{"line":66,"column":18},"end":{"line":71,"column":4}},"23":{"start":{"line":72,"column":2},"end":{"line":72,"column":17}},"24":{"start":{"line":73,"column":17},"end":{"line":73,"column":115}},"25":{"start":{"line":74,"column":2},"end":{"line":74,"column":42}},"26":{"start":{"line":76,"column":2},"end":{"line":76,"column":26}},"27":{"start":{"line":77,"column":2},"end":{"line":77,"column":28}},"28":{"start":{"line":86,"column":26},"end":{"line":112,"column":1}},"29":{"start":{"line":87,"column":1},"end":{"line":87,"column":35}},"30":{"start":{"line":88,"column":1},"end":{"line":88,"column":41}},"31":{"start":{"line":89,"column":1},"end":{"line":89,"column":41}},"32":{"start":{"line":90,"column":1},"end":{"line":111,"column":2}},"33":{"start":{"line":91,"column":2},"end":{"line":108,"column":3}},"34":{"start":{"line":92,"column":19},"end":{"line":95,"column":5}},"35":{"start":{"line":96,"column":3},"end":{"line":96,"column":18}},"36":{"start":{"line":97,"column":18},"end":{"line":104,"column":4}},"37":{"start":{"line":105,"column":3},"end":{"line":105,"column":32}},"38":{"start":{"line":107,"column":3},"end":{"line":107,"column":63}},"39":{"start":{"line":110,"column":2},"end":{"line":110,"column":30}},"40":{"start":{"line":119,"column":28},"end":{"line":140,"column":1}},"41":{"start":{"line":120,"column":1},"end":{"line":120,"column":35}},"42":{"start":{"line":121,"column":1},"end":{"line":121,"column":41}},"43":{"start":{"line":122,"column":1},"end":{"line":139,"column":2}},"44":{"start":{"line":123,"column":18},"end":{"line":126,"column":18}},"45":{"start":{"line":127,"column":2},"end":{"line":127,"column":33}},"46":{"start":{"line":128,"column":2},"end":{"line":135,"column":3}},"47":{"start":{"line":129,"column":18},"end":{"line":129,"column":105}},"48":{"start":{"line":130,"column":22},"end":{"line":130,"column":109}},"49":{"start":{"line":131,"column":3},"end":{"line":131,"column":46}},"50":{"start":{"line":133,"column":3},"end":{"line":134,"column":105}},"51":{"start":{"line":137,"column":2},"end":{"line":137,"column":26}},"52":{"start":{"line":138,"column":2},"end":{"line":138,"column":59}},"53":{"start":{"line":147,"column":35},"end":{"line":164,"column":1}},"54":{"start":{"line":148,"column":1},"end":{"line":148,"column":35}},"55":{"start":{"line":149,"column":1},"end":{"line":149,"column":53}},"56":{"start":{"line":150,"column":1},"end":{"line":150,"column":41}},"57":{"start":{"line":151,"column":1},"end":{"line":163,"column":2}},"58":{"start":{"line":152,"column":19},"end":{"line":157,"column":17}},"59":{"start":{"line":158,"column":2},"end":{"line":158,"column":24}},"60":{"start":{"line":159,"column":2},"end":{"line":159,"column":33}},"61":{"start":{"line":161,"column":2},"end":{"line":161,"column":19}},"62":{"start":{"line":162,"column":2},"end":{"line":162,"column":28}},"63":{"start":{"line":172,"column":39},"end":{"line":197,"column":1}},"64":{"start":{"line":173,"column":1},"end":{"line":173,"column":53}},"65":{"start":{"line":174,"column":18},"end":{"line":174,"column":20}},"66":{"start":{"line":175,"column":1},"end":{"line":196,"column":2}},"67":{"start":{"line":176,"column":16},"end":{"line":186,"column":10}},"68":{"start":{"line":187,"column":2},"end":{"line":191,"column":3}},"69":{"start":{"line":188,"column":3},"end":{"line":190,"column":4}},"70":{"start":{"line":189,"column":4},"end":{"line":189,"column":61}},"71":{"start":{"line":189,"column":37},"end":{"line":189,"column":59}},"72":{"start":{"line":192,"column":2},"end":{"line":192,"column":33}},"73":{"start":{"line":194,"column":2},"end":{"line":194,"column":19}},"74":{"start":{"line":195,"column":2},"end":{"line":195,"column":28}},"75":{"start":{"line":204,"column":30},"end":{"line":220,"column":1}},"76":{"start":{"line":205,"column":19},"end":{"line":205,"column":39}},"77":{"start":{"line":206,"column":1},"end":{"line":219,"column":2}},"78":{"start":{"line":207,"column":18},"end":{"line":210,"column":18}},"79":{"start":{"line":211,"column":2},"end":{"line":215,"column":51}},"80":{"start":{"line":212,"column":21},"end":{"line":212,"column":89}},"81":{"start":{"line":213,"column":22},"end":{"line":213,"column":109}},"82":{"start":{"line":214,"column":3},"end":{"line":214,"column":49}},"83":{"start":{"line":215,"column":9},"end":{"line":215,"column":51}},"84":{"start":{"line":217,"column":2},"end":{"line":217,"column":19}},"85":{"start":{"line":218,"column":2},"end":{"line":218,"column":28}},"86":{"start":{"line":222,"column":31},"end":{"line":232,"column":1}},"87":{"start":{"line":223,"column":16},"end":{"line":223,"column":33}},"88":{"start":{"line":224,"column":1},"end":{"line":224,"column":31}},"89":{"start":{"line":225,"column":1},"end":{"line":231,"column":2}},"90":{"start":{"line":226,"column":19},"end":{"line":226,"column":87}},"91":{"start":{"line":227,"column":2},"end":{"line":227,"column":36}},"92":{"start":{"line":228,"column":2},"end":{"line":228,"column":33}},"93":{"start":{"line":230,"column":2},"end":{"line":230,"column":26}}},"fnMap":{"0":{"name":"(anonymous_0)","decl":{"start":{"line":20,"column":26},"end":{"line":20,"column":27}},"loc":{"start":{"line":20,"column":46},"end":{"line":44,"column":1}},"line":20},"1":{"name":"(anonymous_1)","decl":{"start":{"line":51,"column":26},"end":{"line":51,"column":27}},"loc":{"start":{"line":51,"column":46},"end":{"line":79,"column":1}},"line":51},"2":{"name":"(anonymous_2)","decl":{"start":{"line":86,"column":26},"end":{"line":86,"column":27}},"loc":{"start":{"line":86,"column":46},"end":{"line":112,"column":1}},"line":86},"3":{"name":"(anonymous_3)","decl":{"start":{"line":119,"column":28},"end":{"line":119,"column":29}},"loc":{"start":{"line":119,"column":48},"end":{"line":140,"column":1}},"line":119},"4":{"name":"(anonymous_4)","decl":{"start":{"line":147,"column":35},"end":{"line":147,"column":36}},"loc":{"start":{"line":147,"column":55},"end":{"line":164,"column":1}},"line":147},"5":{"name":"(anonymous_5)","decl":{"start":{"line":172,"column":39},"end":{"line":172,"column":40}},"loc":{"start":{"line":172,"column":59},"end":{"line":197,"column":1}},"line":172},"6":{"name":"(anonymous_6)","decl":{"start":{"line":189,"column":26},"end":{"line":189,"column":27}},"loc":{"start":{"line":189,"column":37},"end":{"line":189,"column":59}},"line":189},"7":{"name":"(anonymous_7)","decl":{"start":{"line":204,"column":30},"end":{"line":204,"column":31}},"loc":{"start":{"line":204,"column":50},"end":{"line":220,"column":1}},"line":204},"8":{"name":"(anonymous_8)","decl":{"start":{"line":222,"column":31},"end":{"line":222,"column":32}},"loc":{"start":{"line":222,"column":51},"end":{"line":232,"column":1}},"line":222}},"branchMap":{"0":{"loc":{"start":{"line":58,"column":2},"end":{"line":64,"column":3}},"type":"if","locations":[{"start":{"line":58,"column":2},"end":{"line":64,"column":3}},{"start":{"line":58,"column":2},"end":{"line":64,"column":3}}],"line":58},"1":{"loc":{"start":{"line":91,"column":2},"end":{"line":108,"column":3}},"type":"if","locations":[{"start":{"line":91,"column":2},"end":{"line":108,"column":3}},{"start":{"line":91,"column":2},"end":{"line":108,"column":3}}],"line":91},"2":{"loc":{"start":{"line":128,"column":2},"end":{"line":135,"column":3}},"type":"if","locations":[{"start":{"line":128,"column":2},"end":{"line":135,"column":3}},{"start":{"line":128,"column":2},"end":{"line":135,"column":3}}],"line":128},"3":{"loc":{"start":{"line":128,"column":5},"end":{"line":128,"column":68}},"type":"binary-expr","locations":[{"start":{"line":128,"column":5},"end":{"line":128,"column":37}},{"start":{"line":128,"column":41},"end":{"line":128,"column":68}}],"line":128},"4":{"loc":{"start":{"line":188,"column":3},"end":{"line":190,"column":4}},"type":"if","locations":[{"start":{"line":188,"column":3},"end":{"line":190,"column":4}},{"start":{"line":188,"column":3},"end":{"line":190,"column":4}}],"line":188},"5":{"loc":{"start":{"line":211,"column":2},"end":{"line":215,"column":51}},"type":"if","locations":[{"start":{"line":211,"column":2},"end":{"line":215,"column":51}},{"start":{"line":211,"column":2},"end":{"line":215,"column":51}}],"line":211}},"s":{"0":1,"1":1,"2":0,"3":0,"4":0,"5":0,"6":0,"7":0,"8":0,"9":0,"10":0,"11":0,"12":0,"13":1,"14":0,"15":0,"16":0,"17":0,"18":0,"19":0,"20":0,"21":0,"22":0,"23":0,"24":0,"25":0,"26":0,"27":0,"28":1,"29":0,"30":0,"31":0,"32":0,"33":0,"34":0,"35":0,"36":0,"37":0,"38":0,"39":0,"40":1,"41":0,"42":0,"43":0,"44":0,"45":0,"46":0,"47":0,"48":0,"49":0,"50":0,"51":0,"52":0,"53":1,"54":0,"55":0,"56":0,"57":0,"58":0,"59":0,"60":0,"61":0,"62":0,"63":1,"64":0,"65":0,"66":0,"67":0,"68":0,"69":0,"70":0,"71":0,"72":0,"73":0,"74":0,"75":1,"76":0,"77":0,"78":0,"79":0,"80":0,"81":0,"82":0,"83":0,"84":0,"85":0,"86":1,"87":0,"88":0,"89":0,"90":0,"91":0,"92":0,"93":0},"f":{"0":0,"1":0,"2":0,"3":0,"4":0,"5":0,"6":0,"7":0,"8":0},"b":{"0":[0,0],"1":[0,0],"2":[0,0],"3":[0,0],"4":[0,0],"5":[0,0]},"_coverageSchema":"1a1c01bbd47fc00a2c39e90264f33305004495a9","hash":"836a4ffc67f72020cc0ce621a49bc854f155e09c"}
,"D:\\University\\304CEM\\cw\\PublicLibrary-Backend\\controllers\\user.js": {"path":"D:\\University\\304CEM\\cw\\PublicLibrary-Backend\\controllers\\user.js","statementMap":{"0":{"start":{"line":22,"column":24},"end":{"line":43,"column":1}},"1":{"start":{"line":23,"column":1},"end":{"line":42,"column":2}},"2":{"start":{"line":24,"column":15},"end":{"line":24,"column":58}},"3":{"start":{"line":25,"column":2},"end":{"line":39,"column":3}},"4":{"start":{"line":27,"column":26},"end":{"line":27,"column":66}},"5":{"start":{"line":28,"column":19},"end":{"line":33,"column":5}},"6":{"start":{"line":34,"column":3},"end":{"line":34,"column":24}},"7":{"start":{"line":35,"column":3},"end":{"line":35,"column":40}},"8":{"start":{"line":38,"column":3},"end":{"line":38,"column":55}},"9":{"start":{"line":41,"column":2},"end":{"line":41,"column":35}},"10":{"start":{"line":51,"column":21},"end":{"line":86,"column":1}},"11":{"start":{"line":56,"column":16},"end":{"line":56,"column":18}},"12":{"start":{"line":58,"column":15},"end":{"line":58,"column":29}},"13":{"start":{"line":59,"column":18},"end":{"line":59,"column":35}},"14":{"start":{"line":61,"column":1},"end":{"line":85,"column":2}},"15":{"start":{"line":62,"column":15},"end":{"line":62,"column":42}},"16":{"start":{"line":63,"column":2},"end":{"line":66,"column":3}},"17":{"start":{"line":64,"column":3},"end":{"line":64,"column":35}},"18":{"start":{"line":65,"column":3},"end":{"line":65,"column":39}},"19":{"start":{"line":67,"column":16},"end":{"line":67,"column":61}},"20":{"start":{"line":68,"column":2},"end":{"line":81,"column":3}},"21":{"start":{"line":69,"column":19},"end":{"line":69,"column":49}},"22":{"start":{"line":70,"column":3},"end":{"line":76,"column":6}},"23":{"start":{"line":71,"column":4},"end":{"line":75,"column":7}},"24":{"start":{"line":79,"column":3},"end":{"line":79,"column":42}},"25":{"start":{"line":80,"column":3},"end":{"line":80,"column":39}},"26":{"start":{"line":83,"column":2},"end":{"line":83,"column":26}},"27":{"start":{"line":84,"column":2},"end":{"line":84,"column":35}},"28":{"start":{"line":94,"column":22},"end":{"line":107,"column":1}},"29":{"start":{"line":95,"column":1},"end":{"line":106,"column":2}},"30":{"start":{"line":96,"column":2},"end":{"line":101,"column":3}},"31":{"start":{"line":97,"column":3},"end":{"line":97,"column":22}},"32":{"start":{"line":98,"column":3},"end":{"line":98,"column":19}},"33":{"start":{"line":100,"column":3},"end":{"line":100,"column":37}},"34":{"start":{"line":102,"column":2},"end":{"line":102,"column":25}},"35":{"start":{"line":105,"column":2},"end":{"line":105,"column":52}},"36":{"start":{"line":115,"column":23},"end":{"line":124,"column":1}},"37":{"start":{"line":116,"column":1},"end":{"line":123,"column":2}},"38":{"start":{"line":117,"column":15},"end":{"line":117,"column":49}},"39":{"start":{"line":118,"column":2},"end":{"line":118,"column":58}},"40":{"start":{"line":118,"column":12},"end":{"line":118,"column":58}},"41":{"start":{"line":119,"column":2},"end":{"line":119,"column":36}},"42":{"start":{"line":121,"column":2},"end":{"line":121,"column":37}},"43":{"start":{"line":122,"column":2},"end":{"line":122,"column":35}},"44":{"start":{"line":131,"column":28},"end":{"line":140,"column":1}},"45":{"start":{"line":132,"column":13},"end":{"line":132,"column":15}},"46":{"start":{"line":133,"column":1},"end":{"line":133,"column":42}},"47":{"start":{"line":134,"column":1},"end":{"line":139,"column":2}},"48":{"start":{"line":135,"column":2},"end":{"line":135,"column":58}},"49":{"start":{"line":136,"column":2},"end":{"line":136,"column":37}},"50":{"start":{"line":138,"column":2},"end":{"line":138,"column":35}},"51":{"start":{"line":148,"column":26},"end":{"line":173,"column":1}},"52":{"start":{"line":149,"column":17},"end":{"line":149,"column":19}},"53":{"start":{"line":151,"column":1},"end":{"line":153,"column":2}},"54":{"start":{"line":152,"column":2},"end":{"line":152,"column":31}},"55":{"start":{"line":154,"column":1},"end":{"line":156,"column":2}},"56":{"start":{"line":155,"column":2},"end":{"line":155,"column":33}},"57":{"start":{"line":157,"column":1},"end":{"line":159,"column":2}},"58":{"start":{"line":158,"column":2},"end":{"line":158,"column":39}},"59":{"start":{"line":160,"column":1},"end":{"line":162,"column":2}},"60":{"start":{"line":161,"column":2},"end":{"line":161,"column":37}},"61":{"start":{"line":163,"column":1},"end":{"line":172,"column":2}},"62":{"start":{"line":164,"column":18},"end":{"line":164,"column":52}},"63":{"start":{"line":165,"column":2},"end":{"line":165,"column":61}},"64":{"start":{"line":165,"column":15},"end":{"line":165,"column":61}},"65":{"start":{"line":166,"column":2},"end":{"line":166,"column":140}},"66":{"start":{"line":166,"column":40},"end":{"line":166,"column":140}},"67":{"start":{"line":167,"column":18},"end":{"line":167,"column":119}},"68":{"start":{"line":168,"column":2},"end":{"line":168,"column":39}},"69":{"start":{"line":170,"column":2},"end":{"line":170,"column":40}},"70":{"start":{"line":171,"column":2},"end":{"line":171,"column":35}},"71":{"start":{"line":181,"column":26},"end":{"line":192,"column":1}},"72":{"start":{"line":182,"column":1},"end":{"line":191,"column":2}},"73":{"start":{"line":183,"column":15},"end":{"line":183,"column":82}},"74":{"start":{"line":184,"column":2},"end":{"line":184,"column":58}},"75":{"start":{"line":184,"column":12},"end":{"line":184,"column":58}},"76":{"start":{"line":185,"column":2},"end":{"line":185,"column":140}},"77":{"start":{"line":185,"column":40},"end":{"line":185,"column":140}},"78":{"start":{"line":186,"column":2},"end":{"line":186,"column":80}},"79":{"start":{"line":187,"column":2},"end":{"line":187,"column":54}},"80":{"start":{"line":189,"column":2},"end":{"line":189,"column":40}},"81":{"start":{"line":190,"column":2},"end":{"line":190,"column":35}}},"fnMap":{"0":{"name":"(anonymous_0)","decl":{"start":{"line":22,"column":24},"end":{"line":22,"column":25}},"loc":{"start":{"line":22,"column":44},"end":{"line":43,"column":1}},"line":22},"1":{"name":"(anonymous_1)","decl":{"start":{"line":51,"column":21},"end":{"line":51,"column":22}},"loc":{"start":{"line":51,"column":41},"end":{"line":86,"column":1}},"line":51},"2":{"name":"(anonymous_2)","decl":{"start":{"line":70,"column":55},"end":{"line":70,"column":56}},"loc":{"start":{"line":70,"column":71},"end":{"line":76,"column":4}},"line":70},"3":{"name":"(anonymous_3)","decl":{"start":{"line":94,"column":22},"end":{"line":94,"column":23}},"loc":{"start":{"line":94,"column":42},"end":{"line":107,"column":1}},"line":94},"4":{"name":"(anonymous_4)","decl":{"start":{"line":115,"column":23},"end":{"line":115,"column":24}},"loc":{"start":{"line":115,"column":43},"end":{"line":124,"column":1}},"line":115},"5":{"name":"(anonymous_5)","decl":{"start":{"line":131,"column":28},"end":{"line":131,"column":29}},"loc":{"start":{"line":131,"column":48},"end":{"line":140,"column":1}},"line":131},"6":{"name":"(anonymous_6)","decl":{"start":{"line":148,"column":26},"end":{"line":148,"column":27}},"loc":{"start":{"line":148,"column":46},"end":{"line":173,"column":1}},"line":148},"7":{"name":"(anonymous_7)","decl":{"start":{"line":181,"column":26},"end":{"line":181,"column":27}},"loc":{"start":{"line":181,"column":46},"end":{"line":192,"column":1}},"line":181}},"branchMap":{"0":{"loc":{"start":{"line":25,"column":2},"end":{"line":39,"column":3}},"type":"if","locations":[{"start":{"line":25,"column":2},"end":{"line":39,"column":3}},{"start":{"line":25,"column":2},"end":{"line":39,"column":3}}],"line":25},"1":{"loc":{"start":{"line":63,"column":2},"end":{"line":66,"column":3}},"type":"if","locations":[{"start":{"line":63,"column":2},"end":{"line":66,"column":3}},{"start":{"line":63,"column":2},"end":{"line":66,"column":3}}],"line":63},"2":{"loc":{"start":{"line":68,"column":2},"end":{"line":81,"column":3}},"type":"if","locations":[{"start":{"line":68,"column":2},"end":{"line":81,"column":3}},{"start":{"line":68,"column":2},"end":{"line":81,"column":3}}],"line":68},"3":{"loc":{"start":{"line":95,"column":1},"end":{"line":106,"column":2}},"type":"if","locations":[{"start":{"line":95,"column":1},"end":{"line":106,"column":2}},{"start":{"line":95,"column":1},"end":{"line":106,"column":2}}],"line":95},"4":{"loc":{"start":{"line":118,"column":2},"end":{"line":118,"column":58}},"type":"if","locations":[{"start":{"line":118,"column":2},"end":{"line":118,"column":58}},{"start":{"line":118,"column":2},"end":{"line":118,"column":58}}],"line":118},"5":{"loc":{"start":{"line":151,"column":1},"end":{"line":153,"column":2}},"type":"if","locations":[{"start":{"line":151,"column":1},"end":{"line":153,"column":2}},{"start":{"line":151,"column":1},"end":{"line":153,"column":2}}],"line":151},"6":{"loc":{"start":{"line":154,"column":1},"end":{"line":156,"column":2}},"type":"if","locations":[{"start":{"line":154,"column":1},"end":{"line":156,"column":2}},{"start":{"line":154,"column":1},"end":{"line":156,"column":2}}],"line":154},"7":{"loc":{"start":{"line":157,"column":1},"end":{"line":159,"column":2}},"type":"if","locations":[{"start":{"line":157,"column":1},"end":{"line":159,"column":2}},{"start":{"line":157,"column":1},"end":{"line":159,"column":2}}],"line":157},"8":{"loc":{"start":{"line":160,"column":1},"end":{"line":162,"column":2}},"type":"if","locations":[{"start":{"line":160,"column":1},"end":{"line":162,"column":2}},{"start":{"line":160,"column":1},"end":{"line":162,"column":2}}],"line":160},"9":{"loc":{"start":{"line":165,"column":2},"end":{"line":165,"column":61}},"type":"if","locations":[{"start":{"line":165,"column":2},"end":{"line":165,"column":61}},{"start":{"line":165,"column":2},"end":{"line":165,"column":61}}],"line":165},"10":{"loc":{"start":{"line":166,"column":2},"end":{"line":166,"column":140}},"type":"if","locations":[{"start":{"line":166,"column":2},"end":{"line":166,"column":140}},{"start":{"line":166,"column":2},"end":{"line":166,"column":140}}],"line":166},"11":{"loc":{"start":{"line":184,"column":2},"end":{"line":184,"column":58}},"type":"if","locations":[{"start":{"line":184,"column":2},"end":{"line":184,"column":58}},{"start":{"line":184,"column":2},"end":{"line":184,"column":58}}],"line":184},"12":{"loc":{"start":{"line":185,"column":2},"end":{"line":185,"column":140}},"type":"if","locations":[{"start":{"line":185,"column":2},"end":{"line":185,"column":140}},{"start":{"line":185,"column":2},"end":{"line":185,"column":140}}],"line":185}},"s":{"0":1,"1":2,"2":2,"3":2,"4":1,"5":1,"6":1,"7":1,"8":1,"9":0,"10":1,"11":3,"12":3,"13":3,"14":3,"15":3,"16":3,"17":1,"18":1,"19":2,"20":2,"21":1,"22":1,"23":1,"24":1,"25":1,"26":0,"27":0,"28":1,"29":0,"30":0,"31":0,"32":0,"33":0,"34":0,"35":0,"36":1,"37":2,"38":2,"39":1,"40":0,"41":1,"42":1,"43":1,"44":1,"45":0,"46":0,"47":0,"48":0,"49":0,"50":0,"51":1,"52":1,"53":1,"54":1,"55":1,"56":1,"57":1,"58":1,"59":1,"60":0,"61":1,"62":1,"63":1,"64":0,"65":1,"66":0,"67":1,"68":1,"69":0,"70":0,"71":1,"72":1,"73":1,"74":1,"75":0,"76":1,"77":0,"78":1,"79":1,"80":0,"81":0},"f":{"0":2,"1":3,"2":1,"3":0,"4":2,"5":0,"6":1,"7":1},"b":{"0":[1,1],"1":[1,2],"2":[1,1],"3":[0,0],"4":[0,1],"5":[1,0],"6":[1,0],"7":[1,0],"8":[0,1],"9":[0,1],"10":[0,1],"11":[0,1],"12":[0,1]},"_coverageSchema":"1a1c01bbd47fc00a2c39e90264f33305004495a9","hash":"a649a980a538590e9b72310786f3a81cb5fa247f"}
,"D:\\University\\304CEM\\cw\\PublicLibrary-Backend\\docs\\openapi\\schemas\\schemas.schema.js": {"path":"D:\\University\\304CEM\\cw\\PublicLibrary-Backend\\docs\\openapi\\schemas\\schemas.schema.js","statementMap":{"0":{"start":{"line":3,"column":17},"end":{"line":3,"column":81}},"1":{"start":{"line":4,"column":0},"end":{"line":4,"column":33}},"2":{"start":{"line":6,"column":17},"end":{"line":6,"column":81}},"3":{"start":{"line":7,"column":0},"end":{"line":7,"column":33}}},"fnMap":{},"branchMap":{},"s":{"0":1,"1":1,"2":1,"3":1},"f":{},"b":{},"_coverageSchema":"1a1c01bbd47fc00a2c39e90264f33305004495a9","hash":"c8340a225e0648397f30baebca54789bca349a40"}
,"D:\\University\\304CEM\\cw\\PublicLibrary-Backend\\helpers\\passport.js": {"path":"D:\\University\\304CEM\\cw\\PublicLibrary-Backend\\helpers\\passport.js","statementMap":{"0":{"start":{"line":9,"column":17},"end":{"line":9,"column":37}},"1":{"start":{"line":10,"column":19},"end":{"line":10,"column":41}},"2":{"start":{"line":12,"column":13},"end":{"line":12,"column":15}},"3":{"start":{"line":14,"column":0},"end":{"line":14,"column":63}},"4":{"start":{"line":15,"column":0},"end":{"line":15,"column":43}},"5":{"start":{"line":21,"column":23},"end":{"line":39,"column":1}},"6":{"start":{"line":22,"column":1},"end":{"line":38,"column":4}},"7":{"start":{"line":23,"column":2},"end":{"line":36,"column":3}},"8":{"start":{"line":24,"column":3},"end":{"line":33,"column":6}},"9":{"start":{"line":25,"column":4},"end":{"line":27,"column":5}},"10":{"start":{"line":26,"column":5},"end":{"line":26,"column":29}},"11":{"start":{"line":28,"column":4},"end":{"line":32,"column":5}},"12":{"start":{"line":29,"column":5},"end":{"line":29,"column":29}},"13":{"start":{"line":31,"column":5},"end":{"line":31,"column":30}},"14":{"start":{"line":35,"column":3},"end":{"line":35,"column":39}}},"fnMap":{"0":{"name":"(anonymous_0)","decl":{"start":{"line":21,"column":23},"end":{"line":21,"column":24}},"loc":{"start":{"line":21,"column":37},"end":{"line":39,"column":1}},"line":21},"1":{"name":"(anonymous_1)","decl":{"start":{"line":22,"column":40},"end":{"line":22,"column":41}},"loc":{"start":{"line":22,"column":62},"end":{"line":37,"column":2}},"line":22},"2":{"name":"(anonymous_2)","decl":{"start":{"line":24,"column":32},"end":{"line":24,"column":33}},"loc":{"start":{"line":24,"column":47},"end":{"line":33,"column":4}},"line":24}},"branchMap":{"0":{"loc":{"start":{"line":25,"column":4},"end":{"line":27,"column":5}},"type":"if","locations":[{"start":{"line":25,"column":4},"end":{"line":27,"column":5}},{"start":{"line":25,"column":4},"end":{"line":27,"column":5}}],"line":25},"1":{"loc":{"start":{"line":28,"column":4},"end":{"line":32,"column":5}},"type":"if","locations":[{"start":{"line":28,"column":4},"end":{"line":32,"column":5}},{"start":{"line":28,"column":4},"end":{"line":32,"column":5}}],"line":28}},"s":{"0":1,"1":1,"2":1,"3":1,"4":1,"5":1,"6":1,"7":2,"8":2,"9":2,"10":0,"11":2,"12":2,"13":0,"14":0},"f":{"0":1,"1":2,"2":2},"b":{"0":[0,2],"1":[2,0]},"_coverageSchema":"1a1c01bbd47fc00a2c39e90264f33305004495a9","hash":"b5faa1ccbb8d5fc75cda55230aa36a7eb0b4a4c4"}
,"D:\\University\\304CEM\\cw\\PublicLibrary-Backend\\helpers\\rights.js": {"path":"D:\\University\\304CEM\\cw\\PublicLibrary-Backend\\helpers\\rights.js","statementMap":{"0":{"start":{"line":7,"column":13},"end":{"line":10,"column":1}},"1":{"start":{"line":8,"column":1},"end":{"line":9,"column":19}},"2":{"start":{"line":8,"column":30},"end":{"line":8,"column":42}},"3":{"start":{"line":9,"column":6},"end":{"line":9,"column":19}}},"fnMap":{"0":{"name":"(anonymous_0)","decl":{"start":{"line":7,"column":13},"end":{"line":7,"column":14}},"loc":{"start":{"line":7,"column":43},"end":{"line":10,"column":1}},"line":7}},"branchMap":{"0":{"loc":{"start":{"line":8,"column":1},"end":{"line":9,"column":19}},"type":"if","locations":[{"start":{"line":8,"column":1},"end":{"line":9,"column":19}},{"start":{"line":8,"column":1},"end":{"line":9,"column":19}}],"line":8}},"s":{"0":1,"1":2,"2":2,"3":0},"f":{"0":2},"b":{"0":[2,0]},"_coverageSchema":"1a1c01bbd47fc00a2c39e90264f33305004495a9","hash":"a6353c13e19e5cd916f8b7acf8c62c7f93819c4e"}
,"D:\\University\\304CEM\\cw\\PublicLibrary-Backend\\helpers\\validation\\schema.js": {"path":"D:\\University\\304CEM\\cw\\PublicLibrary-Backend\\helpers\\validation\\schema.js","statementMap":{"0":{"start":{"line":10,"column":10},"end":{"line":10,"column":36}},"1":{"start":{"line":19,"column":28},"end":{"line":37,"column":1}},"2":{"start":{"line":20,"column":24},"end":{"line":23,"column":2}},"3":{"start":{"line":25,"column":14},"end":{"line":25,"column":22}},"4":{"start":{"line":27,"column":1},"end":{"line":36,"column":2}},"5":{"start":{"line":28,"column":2},"end":{"line":28,"column":47}},"6":{"start":{"line":29,"column":2},"end":{"line":29,"column":15}},"7":{"start":{"line":31,"column":2},"end":{"line":35,"column":3}},"8":{"start":{"line":32,"column":3},"end":{"line":32,"column":29}},"9":{"start":{"line":34,"column":3},"end":{"line":34,"column":13}},"10":{"start":{"line":46,"column":28},"end":{"line":64,"column":1}},"11":{"start":{"line":47,"column":24},"end":{"line":50,"column":2}},"12":{"start":{"line":52,"column":14},"end":{"line":52,"column":22}},"13":{"start":{"line":54,"column":1},"end":{"line":63,"column":2}},"14":{"start":{"line":55,"column":2},"end":{"line":55,"column":47}},"15":{"start":{"line":56,"column":2},"end":{"line":56,"column":15}},"16":{"start":{"line":58,"column":2},"end":{"line":62,"column":3}},"17":{"start":{"line":59,"column":3},"end":{"line":59,"column":29}},"18":{"start":{"line":61,"column":3},"end":{"line":61,"column":13}}},"fnMap":{"0":{"name":"(anonymous_0)","decl":{"start":{"line":19,"column":28},"end":{"line":19,"column":29}},"loc":{"start":{"line":19,"column":54},"end":{"line":37,"column":1}},"line":19},"1":{"name":"(anonymous_1)","decl":{"start":{"line":46,"column":28},"end":{"line":46,"column":29}},"loc":{"start":{"line":46,"column":54},"end":{"line":64,"column":1}},"line":46}},"branchMap":{"0":{"loc":{"start":{"line":31,"column":2},"end":{"line":35,"column":3}},"type":"if","locations":[{"start":{"line":31,"column":2},"end":{"line":35,"column":3}},{"start":{"line":31,"column":2},"end":{"line":35,"column":3}}],"line":31},"1":{"loc":{"start":{"line":58,"column":2},"end":{"line":62,"column":3}},"type":"if","locations":[{"start":{"line":58,"column":2},"end":{"line":62,"column":3}},{"start":{"line":58,"column":2},"end":{"line":62,"column":3}}],"line":58}},"s":{"0":1,"1":1,"2":0,"3":0,"4":0,"5":0,"6":0,"7":0,"8":0,"9":0,"10":1,"11":5,"12":5,"13":5,"14":5,"15":5,"16":0,"17":0,"18":0},"f":{"0":0,"1":5},"b":{"0":[0,0],"1":[0,0]},"_coverageSchema":"1a1c01bbd47fc00a2c39e90264f33305004495a9","hash":"8ceaebac35caf6a46186febda64d1ef323faa7ea"}
,"D:\\University\\304CEM\\cw\\PublicLibrary-Backend\\models\\book.js": {"path":"D:\\University\\304CEM\\cw\\PublicLibrary-Backend\\models\\book.js","statementMap":{"0":{"start":{"line":2,"column":16},"end":{"line":2,"column":31}},"1":{"start":{"line":8,"column":19},"end":{"line":42,"column":2}},"2":{"start":{"line":44,"column":13},"end":{"line":44,"column":47}}},"fnMap":{},"branchMap":{},"s":{"0":1,"1":1,"2":1},"f":{},"b":{},"_coverageSchema":"1a1c01bbd47fc00a2c39e90264f33305004495a9","hash":"5938e019fc1728ccdea6ed25c484d91b8e257f6f"}
,"D:\\University\\304CEM\\cw\\PublicLibrary-Backend\\models\\message.js": {"path":"D:\\University\\304CEM\\cw\\PublicLibrary-Backend\\models\\message.js","statementMap":{"0":{"start":{"line":2,"column":16},"end":{"line":2,"column":31}},"1":{"start":{"line":8,"column":22},"end":{"line":21,"column":2}},"2":{"start":{"line":23,"column":16},"end":{"line":23,"column":56}}},"fnMap":{},"branchMap":{},"s":{"0":1,"1":1,"2":1},"f":{},"b":{},"_coverageSchema":"1a1c01bbd47fc00a2c39e90264f33305004495a9","hash":"9c86e91d648f22599ef79c57d29c13991ade0139"}
,"D:\\University\\304CEM\\cw\\PublicLibrary-Backend\\models\\request.js": {"path":"D:\\University\\304CEM\\cw\\PublicLibrary-Backend\\models\\request.js","statementMap":{"0":{"start":{"line":2,"column":16},"end":{"line":2,"column":31}},"1":{"start":{"line":8,"column":22},"end":{"line":30,"column":2}},"2":{"start":{"line":32,"column":16},"end":{"line":32,"column":56}}},"fnMap":{},"branchMap":{},"s":{"0":1,"1":1,"2":1},"f":{},"b":{},"_coverageSchema":"1a1c01bbd47fc00a2c39e90264f33305004495a9","hash":"ca1e1dbca874131baa374bd7a12e8ff49e6328ab"}
,"D:\\University\\304CEM\\cw\\PublicLibrary-Backend\\models\\user.js": {"path":"D:\\University\\304CEM\\cw\\PublicLibrary-Backend\\models\\user.js","statementMap":{"0":{"start":{"line":2,"column":16},"end":{"line":2,"column":31}},"1":{"start":{"line":8,"column":19},"end":{"line":29,"column":2}},"2":{"start":{"line":31,"column":13},"end":{"line":31,"column":47}}},"fnMap":{},"branchMap":{},"s":{"0":1,"1":1,"2":1},"f":{},"b":{},"_coverageSchema":"1a1c01bbd47fc00a2c39e90264f33305004495a9","hash":"6150b2802f0c81afafed64f62ac03204b231b216"}
,"D:\\University\\304CEM\\cw\\PublicLibrary-Backend\\routes\\bookRouter.js": {"path":"D:\\University\\304CEM\\cw\\PublicLibrary-Backend\\routes\\bookRouter.js","statementMap":{"0":{"start":{"line":19,"column":19},"end":{"line":19,"column":35}},"1":{"start":{"line":32,"column":0},"end":{"line":32,"column":30}},"2":{"start":{"line":44,"column":0},"end":{"line":44,"column":36}},"3":{"start":{"line":58,"column":15},"end":{"line":58,"column":42}},"4":{"start":{"line":59,"column":0},"end":{"line":59,"column":120}},"5":{"start":{"line":72,"column":0},"end":{"line":72,"column":88}},"6":{"start":{"line":87,"column":0},"end":{"line":87,"column":109}}},"fnMap":{},"branchMap":{},"s":{"0":1,"1":1,"2":1,"3":1,"4":1,"5":1,"6":1},"f":{},"b":{},"_coverageSchema":"1a1c01bbd47fc00a2c39e90264f33305004495a9","hash":"857cccef882943adf3afd628ee471cd0cab63b4e"}
,"D:\\University\\304CEM\\cw\\PublicLibrary-Backend\\routes\\requestRouter.js": {"path":"D:\\University\\304CEM\\cw\\PublicLibrary-Backend\\routes\\requestRouter.js","statementMap":{"0":{"start":{"line":16,"column":22},"end":{"line":16,"column":38}},"1":{"start":{"line":18,"column":0},"end":{"line":23,"column":3}},"2":{"start":{"line":19,"column":1},"end":{"line":22,"column":4}},"3":{"start":{"line":25,"column":0},"end":{"line":25,"column":95}},"4":{"start":{"line":27,"column":0},"end":{"line":27,"column":89}},"5":{"start":{"line":29,"column":0},"end":{"line":29,"column":91}},"6":{"start":{"line":31,"column":0},"end":{"line":31,"column":93}},"7":{"start":{"line":33,"column":0},"end":{"line":33,"column":108}},"8":{"start":{"line":35,"column":0},"end":{"line":35,"column":106}},"9":{"start":{"line":37,"column":0},"end":{"line":37,"column":114}},"10":{"start":{"line":39,"column":0},"end":{"line":39,"column":102}}},"fnMap":{"0":{"name":"(anonymous_0)","decl":{"start":{"line":18,"column":23},"end":{"line":18,"column":24}},"loc":{"start":{"line":18,"column":37},"end":{"line":23,"column":1}},"line":18}},"branchMap":{},"s":{"0":1,"1":1,"2":0,"3":1,"4":1,"5":1,"6":1,"7":1,"8":1,"9":1,"10":1},"f":{"0":0},"b":{},"_coverageSchema":"1a1c01bbd47fc00a2c39e90264f33305004495a9","hash":"51f36ad62403551894a252dd8fe2d65705bba03e"}
,"D:\\University\\304CEM\\cw\\PublicLibrary-Backend\\routes\\userRouter.js": {"path":"D:\\University\\304CEM\\cw\\PublicLibrary-Backend\\routes\\userRouter.js","statementMap":{"0":{"start":{"line":17,"column":19},"end":{"line":17,"column":35}},"1":{"start":{"line":19,"column":0},"end":{"line":24,"column":3}},"2":{"start":{"line":20,"column":1},"end":{"line":23,"column":4}},"3":{"start":{"line":37,"column":0},"end":{"line":37,"column":53}},"4":{"start":{"line":50,"column":0},"end":{"line":50,"column":47}},"5":{"start":{"line":63,"column":0},"end":{"line":63,"column":85}},"6":{"start":{"line":76,"column":0},"end":{"line":76,"column":32}},"7":{"start":{"line":89,"column":0},"end":{"line":89,"column":43}},"8":{"start":{"line":102,"column":0},"end":{"line":102,"column":85}},"9":{"start":{"line":115,"column":0},"end":{"line":115,"column":88}}},"fnMap":{"0":{"name":"(anonymous_0)","decl":{"start":{"line":19,"column":20},"end":{"line":19,"column":21}},"loc":{"start":{"line":19,"column":34},"end":{"line":24,"column":1}},"line":19}},"branchMap":{},"s":{"0":1,"1":1,"2":1,"3":1,"4":1,"5":1,"6":1,"7":1,"8":1,"9":1},"f":{"0":1},"b":{},"_coverageSchema":"1a1c01bbd47fc00a2c39e90264f33305004495a9","hash":"6af6ce12d02a944e5e770dbdd52d41c4f254a7e8"}
}
