TN:
SF:app.js
FN:16,(anonymous_0)
FN:28,(anonymous_1)
FNF:2
FNH:1
FNDA:1,(anonymous_0)
FNDA:0,(anonymous_1)
DA:11,1
DA:13,1
DA:16,1
DA:17,1
DA:18,1
DA:20,0
DA:24,1
DA:25,1
DA:26,1
DA:28,1
DA:29,1
DA:30,1
DA:31,1
DA:33,1
LF:14
LH:13
BRDA:18,0,0,1
BRDA:18,0,1,0
BRF:2
BRH:1
end_of_record
TN:
SF:controllers\book.js
FN:22,(anonymous_0)
FN:32,(anonymous_1)
FN:59,(anonymous_2)
FN:94,(anonymous_3)
FN:137,(anonymous_4)
FN:158,(anonymous_5)
FNF:6
FNH:0
FNDA:0,(anonymous_0)
FNDA:0,(anonymous_1)
FNDA:0,(anonymous_2)
FNDA:0,(anonymous_3)
FNDA:0,(anonymous_4)
FNDA:0,(anonymous_5)
DA:16,1
DA:22,1
DA:23,0
DA:32,1
DA:33,0
DA:34,0
DA:35,0
DA:36,0
DA:37,0
DA:38,0
DA:39,0
DA:44,0
DA:46,0
DA:48,0
DA:59,1
DA:60,0
DA:61,0
DA:73,0
DA:74,0
DA:76,0
DA:79,0
DA:80,0
DA:83,0
DA:84,0
DA:94,1
DA:97,0
DA:98,0
DA:99,0
DA:100,0
DA:101,0
DA:102,0
DA:103,0
DA:104,0
DA:105,0
DA:106,0
DA:108,0
DA:109,0
DA:111,0
DA:122,0
DA:123,0
DA:124,0
DA:126,0
DA:127,0
DA:137,1
DA:138,0
DA:139,0
DA:140,0
DA:141,0
DA:142,0
DA:144,0
DA:145,0
DA:147,0
DA:148,0
DA:158,1
DA:161,0
DA:162,0
DA:163,0
DA:165,0
DA:166,0
DA:168,0
DA:169,0
DA:171,0
DA:172,0
DA:174,0
DA:175,0
DA:177,0
DA:178,0
DA:182,0
DA:183,0
DA:184,0
DA:185,0
DA:186,0
DA:187,0
DA:188,0
DA:189,0
DA:190,0
DA:191,0
DA:193,0
DA:194,0
DA:196,0
DA:197,0
DA:199,0
DA:201,0
DA:202,0
DA:203,0
DA:204,0
DA:206,0
DA:207,0
DA:209,0
LF:89
LH:7
BRDA:35,0,0,0
BRDA:35,0,1,0
BRDA:74,1,0,0
BRDA:74,1,1,0
BRDA:101,2,0,0
BRDA:101,2,1,0
BRDA:119,3,0,0
BRDA:119,3,1,0
BRDA:140,4,0,0
BRDA:140,4,1,0
BRDA:141,5,0,0
BRDA:141,5,1,0
BRDA:162,6,0,0
BRDA:162,6,1,0
BRDA:165,7,0,0
BRDA:165,7,1,0
BRDA:168,8,0,0
BRDA:168,8,1,0
BRDA:171,9,0,0
BRDA:171,9,1,0
BRDA:174,10,0,0
BRDA:174,10,1,0
BRDA:177,11,0,0
BRDA:177,11,1,0
BRDA:186,12,0,0
BRDA:186,12,1,0
BRDA:203,13,0,0
BRDA:203,13,1,0
BRF:28
BRH:0
end_of_record
TN:
SF:controllers\request.js
FN:20,(anonymous_0)
FN:51,(anonymous_1)
FN:86,(anonymous_2)
FN:119,(anonymous_3)
FN:147,(anonymous_4)
FN:172,(anonymous_5)
FN:189,(anonymous_6)
FN:204,(anonymous_7)
FN:222,(anonymous_8)
FNF:9
FNH:0
FNDA:0,(anonymous_0)
FNDA:0,(anonymous_1)
FNDA:0,(anonymous_2)
FNDA:0,(anonymous_3)
FNDA:0,(anonymous_4)
FNDA:0,(anonymous_5)
FNDA:0,(anonymous_6)
FNDA:0,(anonymous_7)
FNDA:0,(anonymous_8)
DA:14,1
DA:20,1
DA:21,0
DA:22,0
DA:23,0
DA:24,0
DA:25,0
DA:26,0
DA:27,0
DA:38,0
DA:39,0
DA:41,0
DA:42,0
DA:51,1
DA:52,0
DA:53,0
DA:54,0
DA:55,0
DA:57,0
DA:58,0
DA:59,0
DA:63,0
DA:66,0
DA:72,0
DA:73,0
DA:74,0
DA:76,0
DA:77,0
DA:86,1
DA:87,0
DA:88,0
DA:89,0
DA:90,0
DA:91,0
DA:92,0
DA:96,0
DA:97,0
DA:105,0
DA:107,0
DA:110,0
DA:119,1
DA:120,0
DA:121,0
DA:122,0
DA:123,0
DA:127,0
DA:128,0
DA:129,0
DA:130,0
DA:131,0
DA:133,0
DA:137,0
DA:138,0
DA:147,1
DA:148,0
DA:149,0
DA:150,0
DA:151,0
DA:152,0
DA:158,0
DA:159,0
DA:161,0
DA:162,0
DA:172,1
DA:173,0
DA:174,0
DA:175,0
DA:176,0
DA:187,0
DA:188,0
DA:189,0
DA:192,0
DA:194,0
DA:195,0
DA:204,1
DA:205,0
DA:206,0
DA:207,0
DA:211,0
DA:212,0
DA:213,0
DA:214,0
DA:215,0
DA:217,0
DA:218,0
DA:222,1
DA:223,0
DA:224,0
DA:225,0
DA:226,0
DA:227,0
DA:228,0
DA:230,0
LF:93
LH:9
BRDA:58,0,0,0
BRDA:58,0,1,0
BRDA:91,1,0,0
BRDA:91,1,1,0
BRDA:128,2,0,0
BRDA:128,2,1,0
BRDA:128,3,0,0
BRDA:128,3,1,0
BRDA:188,4,0,0
BRDA:188,4,1,0
BRDA:211,5,0,0
BRDA:211,5,1,0
BRF:12
BRH:0
end_of_record
TN:
SF:controllers\user.js
FN:22,(anonymous_0)
FN:51,(anonymous_1)
FN:70,(anonymous_2)
FN:94,(anonymous_3)
FN:115,(anonymous_4)
FN:131,(anonymous_5)
FN:148,(anonymous_6)
FN:181,(anonymous_7)
FNF:8
FNH:6
FNDA:2,(anonymous_0)
FNDA:3,(anonymous_1)
FNDA:1,(anonymous_2)
FNDA:0,(anonymous_3)
FNDA:2,(anonymous_4)
FNDA:0,(anonymous_5)
FNDA:1,(anonymous_6)
FNDA:1,(anonymous_7)
DA:22,1
DA:23,2
DA:24,2
DA:25,2
DA:27,1
DA:28,1
DA:34,1
DA:35,1
DA:38,1
DA:41,0
DA:51,1
DA:56,3
DA:58,3
DA:59,3
DA:61,3
DA:62,3
DA:63,3
DA:64,1
DA:65,1
DA:67,2
DA:68,2
DA:69,1
DA:70,1
DA:71,1
DA:79,1
DA:80,1
DA:83,0
DA:84,0
DA:94,1
DA:95,0
DA:96,0
DA:97,0
DA:98,0
DA:100,0
DA:102,0
DA:105,0
DA:115,1
DA:116,2
DA:117,2
DA:118,1
DA:119,1
DA:121,1
DA:122,1
DA:131,1
DA:132,0
DA:133,0
DA:134,0
DA:135,0
DA:136,0
DA:138,0
DA:148,1
DA:149,1
DA:151,1
DA:152,1
DA:154,1
DA:155,1
DA:157,1
DA:158,1
DA:160,1
DA:161,0
DA:163,1
DA:164,1
DA:165,1
DA:166,1
DA:167,1
DA:168,1
DA:170,0
DA:171,0
DA:181,1
DA:182,1
DA:183,1
DA:184,1
DA:185,1
DA:186,1
DA:187,1
DA:189,0
DA:190,0
LF:77
LH:56
BRDA:25,0,0,1
BRDA:25,0,1,1
BRDA:63,1,0,1
BRDA:63,1,1,2
BRDA:68,2,0,1
BRDA:68,2,1,1
BRDA:95,3,0,0
BRDA:95,3,1,0
BRDA:118,4,0,0
BRDA:118,4,1,1
BRDA:151,5,0,1
BRDA:151,5,1,0
BRDA:154,6,0,1
BRDA:154,6,1,0
BRDA:157,7,0,1
BRDA:157,7,1,0
BRDA:160,8,0,0
BRDA:160,8,1,1
BRDA:165,9,0,0
BRDA:165,9,1,1
BRDA:166,10,0,0
BRDA:166,10,1,1
BRDA:184,11,0,0
BRDA:184,11,1,1
BRDA:185,12,0,0
BRDA:185,12,1,1
BRF:26
BRH:15
end_of_record
TN:
SF:docs\openapi\schemas\schemas.schema.js
FNF:0
FNH:0
DA:3,1
DA:4,1
DA:6,1
DA:7,1
LF:4
LH:4
BRF:0
BRH:0
end_of_record
TN:
SF:helpers\passport.js
FN:21,(anonymous_0)
FN:22,(anonymous_1)
FN:24,(anonymous_2)
FNF:3
FNH:3
FNDA:1,(anonymous_0)
FNDA:2,(anonymous_1)
FNDA:2,(anonymous_2)
DA:9,1
DA:10,1
DA:12,1
DA:14,1
DA:15,1
DA:21,1
DA:22,1
DA:23,2
DA:24,2
DA:25,2
DA:26,0
DA:28,2
DA:29,2
DA:31,0
DA:35,0
LF:15
LH:12
BRDA:25,0,0,0
BRDA:25,0,1,2
BRDA:28,1,0,2
BRDA:28,1,1,0
BRF:4
BRH:2
end_of_record
TN:
SF:helpers\rights.js
FN:7,(anonymous_0)
FNF:1
FNH:1
FNDA:2,(anonymous_0)
DA:7,1
DA:8,2
DA:9,0
LF:3
LH:2
BRDA:8,0,0,2
BRDA:8,0,1,0
BRF:2
BRH:1
end_of_record
TN:
SF:helpers\validation\schema.js
FN:19,(anonymous_0)
FN:46,(anonymous_1)
FNF:2
FNH:1
FNDA:0,(anonymous_0)
FNDA:5,(anonymous_1)
DA:10,1
DA:19,1
DA:20,0
DA:25,0
DA:27,0
DA:28,0
DA:29,0
DA:31,0
DA:32,0
DA:34,0
DA:46,1
DA:47,5
DA:52,5
DA:54,5
DA:55,5
DA:56,5
DA:58,0
DA:59,0
DA:61,0
LF:19
LH:8
BRDA:31,0,0,0
BRDA:31,0,1,0
BRDA:58,1,0,0
BRDA:58,1,1,0
BRF:4
BRH:0
end_of_record
TN:
SF:models\book.js
FNF:0
FNH:0
DA:2,1
DA:8,1
DA:44,1
LF:3
LH:3
BRF:0
BRH:0
end_of_record
TN:
SF:models\message.js
FNF:0
FNH:0
DA:2,1
DA:8,1
DA:23,1
LF:3
LH:3
BRF:0
BRH:0
end_of_record
TN:
SF:models\request.js
FNF:0
FNH:0
DA:2,1
DA:8,1
DA:32,1
LF:3
LH:3
BRF:0
BRH:0
end_of_record
TN:
SF:models\user.js
FNF:0
FNH:0
DA:2,1
DA:8,1
DA:31,1
LF:3
LH:3
BRF:0
BRH:0
end_of_record
TN:
SF:routes\bookRouter.js
FNF:0
FNH:0
DA:19,1
DA:32,1
DA:44,1
DA:58,1
DA:59,1
DA:72,1
DA:87,1
LF:7
LH:7
BRF:0
BRH:0
end_of_record
TN:
SF:routes\requestRouter.js
FN:18,(anonymous_0)
FNF:1
FNH:0
FNDA:0,(anonymous_0)
DA:16,1
DA:18,1
DA:19,0
DA:25,1
DA:27,1
DA:29,1
DA:31,1
DA:33,1
DA:35,1
DA:37,1
DA:39,1
LF:11
LH:10
BRF:0
BRH:0
end_of_record
TN:
SF:routes\userRouter.js
FN:19,(anonymous_0)
FNF:1
FNH:1
FNDA:1,(anonymous_0)
DA:17,1
DA:19,1
DA:20,1
DA:37,1
DA:50,1
DA:63,1
DA:76,1
DA:89,1
DA:102,1
DA:115,1
LF:10
LH:10
BRF:0
BRH:0
end_of_record
